#
# A fatal error has been detected by the Java Runtime Environment:
#
#  Internal Error (javaClasses.cpp:129), pid=3192, tid=3320
#  fatal error: Invalid layout of preloaded class
#
# JRE version: 7.0_25-b17
# Java VM: Java HotSpot(TM) 64-Bit Server VM (23.25-b01 mixed mode windows-amd64 compressed oops)
# Failed to write core dump. Minidumps are not enabled by default on client versions of Windows
#
# If you would like to submit a bug report, please visit:
#   http://bugreport.sun.com/bugreport/crash.jsp
#

---------------  T H R E A D  ---------------

Current thread (0x000000000230c800):  JavaThread "Unknown thread" [_thread_in_vm, id=3320, stack(0x0000000002500000,0x0000000002600000)]

Stack: [0x0000000002500000,0x0000000002600000]

---------------  P R O C E S S  ---------------

Java Threads: ( => current thread )

Other Threads:

=>0x000000000230c800 (exited) JavaThread "Unknown thread" [_thread_in_vm, id=3320, stack(0x0000000002500000,0x0000000002600000)]

VM state:not at safepoint (not fully initialized)

VM Mutex/Monitor currently owned by a thread: None

GC Heap History (0 events):
No events

Deoptimization events (0 events):
No events

Internal exceptions (0 events):
No events

Events (10 events):
Event: 0.017 loading class 0x0000000002171bd0 done
Event: 0.018 loading class 0x00000000021391a0 done
Event: 0.018 loading class 0x0000000002139170
Event: 0.018 loading class 0x00000000087ae480
Event: 0.018 loading class 0x00000000087ae480 done
Event: 0.018 loading class 0x00000000087ae4c0
Event: 0.018 loading class 0x00000000087ae4c0 done
Event: 0.018 loading class 0x00000000087af7e0
Event: 0.018 loading class 0x00000000087af7e0 done
Event: 0.019 loading class 0x0000000002139170 done


Dynamic libraries:
0x000000013f460000 - 0x000000013f493000 	C:\Program Files\Java\jre7\bin\javaw.exe
0x00000000776f0000 - 0x0000000077899000 	C:\Windows\SYSTEM32\ntdll.dll
0x00000000774d0000 - 0x00000000775ef000 	C:\Windows\system32\kernel32.dll
0x000007fefd790000 - 0x000007fefd7fb000 	C:\Windows\system32\KERNELBASE.dll
0x000007fefd910000 - 0x000007fefd9eb000 	C:\Windows\system32\ADVAPI32.dll
0x000007feff230000 - 0x000007feff2cf000 	C:\Windows\system32\msvcrt.dll
0x000007fefeea0000 - 0x000007fefeebf000 	C:\Windows\SYSTEM32\sechost.dll
0x000007feff840000 - 0x000007feff96d000 	C:\Windows\system32\RPCRT4.dll
0x00000000775f0000 - 0x00000000776ea000 	C:\Windows\system32\USER32.dll
0x000007feff440000 - 0x000007feff4a7000 	C:\Windows\system32\GDI32.dll
0x000007feff7c0000 - 0x000007feff7ce000 	C:\Windows\system32\LPK.dll
0x000007feff370000 - 0x000007feff439000 	C:\Windows\system32\USP10.dll
0x000007fefc140000 - 0x000007fefc334000 	C:\Windows\WinSxS\amd64_microsoft.windows.common-controls_6595b64144ccf1df_6.0.7601.17514_none_fa396087175ac9ac\COMCTL32.dll
0x000007fefee20000 - 0x000007fefee91000 	C:\Windows\system32\SHLWAPI.dll
0x000007feff970000 - 0x000007feff99e000 	C:\Windows\system32\IMM32.DLL
0x000007fefe820000 - 0x000007fefe929000 	C:\Windows\system32\MSCTF.dll
0x0000000070d70000 - 0x0000000070e41000 	C:\Program Files\Java\jre7\bin\msvcr100.dll
0x0000000070660000 - 0x0000000070d6f000 	C:\Program Files\Java\jre7\bin\server\jvm.dll
0x000007fefabc0000 - 0x000007fefabc9000 	C:\Windows\system32\WSOCK32.dll
0x000007feff7f0000 - 0x000007feff83d000 	C:\Windows\system32\WS2_32.dll
0x000007fefd900000 - 0x000007fefd908000 	C:\Windows\system32\NSI.dll
0x000007fefa9a0000 - 0x000007fefa9db000 	C:\Windows\system32\WINMM.dll
0x00000000778b0000 - 0x00000000778b7000 	C:\Windows\system32\PSAPI.DLL
0x00000000744d0000 - 0x00000000744df000 	C:\Program Files\Java\jre7\bin\verify.dll
0x00000000744a0000 - 0x00000000744c8000 	C:\Program Files\Java\jre7\bin\java.dll
0x00000000743f0000 - 0x0000000074405000 	C:\Program Files\Java\jre7\bin\zip.dll

VM Arguments:
jvm_args: -Dfile.encoding=Cp1252 -Xbootclasspath:C:\Users\User\Documents\adt-bundle-windows-x86_64-20130729\sdk\platforms\android-17\android.jar 
java_command: il.ac.huji.chores.dal.DALTest
Launcher Type: SUN_STANDARD

Environment Variables:
CLASSPATH=C:\Program Files (x86)\Git;C:\Program Files (x86)\Git\bin;C:\Program Files\Java\jre7\bin;C:\Users\User\Git\Chores\Chores\libs\Parse-1.3.2.jar;C:\Program Files (x86)\Git\bin;C:\Program Files\Java\jre7\bin;C:\Users\User\Git\Chores\Chores\libs\java-json.jar;C:\Program Files (x86)\Git\bin;C:\Program Files\Java\jre7\bin;C:\Users\User\Git\Chores\Chores\libs;C:\Program Files (x86)\Git\bin;C:\Program Files\Java\jre7\bin;C:\Users\User\Git\Chores\Chores;
PATH=C:\Windows\system32;C:\Windows;C:\Windows\System32\Wbem;C:\Windows\System32\WindowsPowerShell\v1.0\;C:\Program Files (x86)\Git;C:\Program Files (x86)\Git\bin;C:\Program Files\Java\jre7\bin
USERNAME=User
OS=Windows_NT
PROCESSOR_IDENTIFIER=Intel64 Family 6 Model 23 Stepping 10, GenuineIntel



---------------  S Y S T E M  ---------------

OS: Windows 7 , 64 bit Build 7601 Service Pack 1

CPU:total 2 (2 cores per cpu, 1 threads per core) family 6 model 23 stepping 10, cmov, cx8, fxsr, mmx, sse, sse2, sse3, ssse3, sse4.1, tsc

Memory: 4k page, physical 4152620k(2556340k free), swap 8303380k(6450564k free)

vm_info: Java HotSpot(TM) 64-Bit Server VM (23.25-b01) for windows-amd64 JRE (1.7.0_25-b17), built on Jun 21 2013 12:58:32 by "java_re" with unknown MS VC++:1600

time: Fri Aug 16 15:50:33 2013
elapsed time: 0 seconds

